C:\USERS\JONY\DOCUMENTS\VISUAL STUDIO 2012\PROJECTS\DAY006FRAMEWORK\FRAMEWORK\DEBUG\BACKBUFFER.OBJ
C:\USERS\JONY\DOCUMENTS\VISUAL STUDIO 2012\PROJECTS\DAY006FRAMEWORK\FRAMEWORK\DEBUG\BULLET.OBJ
C:\USERS\JONY\DOCUMENTS\VISUAL STUDIO 2012\PROJECTS\DAY006FRAMEWORK\FRAMEWORK\DEBUG\ENEMY.OBJ
C:\USERS\JONY\DOCUMENTS\VISUAL STUDIO 2012\PROJECTS\DAY006FRAMEWORK\FRAMEWORK\DEBUG\ENTITY.OBJ
C:\USERS\JONY\DOCUMENTS\VISUAL STUDIO 2012\PROJECTS\DAY006FRAMEWORK\FRAMEWORK\DEBUG\GAME.OBJ
C:\USERS\JONY\DOCUMENTS\VISUAL STUDIO 2012\PROJECTS\DAY006FRAMEWORK\FRAMEWORK\DEBUG\INPUTHANDLER.OBJ
C:\USERS\JONY\DOCUMENTS\VISUAL STUDIO 2012\PROJECTS\DAY006FRAMEWORK\FRAMEWORK\DEBUG\LOGMANAGER.OBJ
C:\USERS\JONY\DOCUMENTS\VISUAL STUDIO 2012\PROJECTS\DAY006FRAMEWORK\FRAMEWORK\DEBUG\MAIN.OBJ
C:\USERS\JONY\DOCUMENTS\VISUAL STUDIO 2012\PROJECTS\DAY006FRAMEWORK\FRAMEWORK\DEBUG\PLAYERSHIP.OBJ
C:\USERS\JONY\DOCUMENTS\VISUAL STUDIO 2012\PROJECTS\DAY006FRAMEWORK\FRAMEWORK\DEBUG\SPRITE.OBJ
C:\USERS\JONY\DOCUMENTS\VISUAL STUDIO 2012\PROJECTS\DAY006FRAMEWORK\FRAMEWORK\DEBUG\TEXTURE.OBJ
C:\USERS\JONY\DOCUMENTS\VISUAL STUDIO 2012\PROJECTS\DAY006FRAMEWORK\FRAMEWORK\DEBUG\TEXTUREMANAGER.OBJ
C:\USERS\JONY\DOCUMENTS\VISUAL STUDIO 2012\PROJECTS\DAY006FRAMEWORK\FRAMEWORK\DEBUG\VC110.PDB
C:\USERS\JONY\DOCUMENTS\VISUAL STUDIO 2012\PROJECTS\DAY006FRAMEWORK\DEBUG\FRAMEWORK.ILK
C:\USERS\JONY\DOCUMENTS\VISUAL STUDIO 2012\PROJECTS\DAY006FRAMEWORK\DEBUG\FRAMEWORK.EXE
C:\USERS\JONY\DOCUMENTS\VISUAL STUDIO 2012\PROJECTS\DAY006FRAMEWORK\DEBUG\FRAMEWORK.PDB
C:\Users\jony\Documents\Visual Studio 2012\Projects\Day006Framework\Framework\Debug\backbuffer.obj
C:\Users\jony\Documents\Visual Studio 2012\Projects\Day006Framework\Framework\Debug\Bullet.obj
C:\Users\jony\Documents\Visual Studio 2012\Projects\Day006Framework\Framework\Debug\Enemy.obj
C:\Users\jony\Documents\Visual Studio 2012\Projects\Day006Framework\Framework\Debug\entity.obj
C:\Users\jony\Documents\Visual Studio 2012\Projects\Day006Framework\Framework\Debug\game.obj
C:\Users\jony\Documents\Visual Studio 2012\Projects\Day006Framework\Framework\Debug\inputhandler.obj
C:\Users\jony\Documents\Visual Studio 2012\Projects\Day006Framework\Framework\Debug\logmanager.obj
C:\Users\jony\Documents\Visual Studio 2012\Projects\Day006Framework\Framework\Debug\main.obj
C:\Users\jony\Documents\Visual Studio 2012\Projects\Day006Framework\Framework\Debug\PlayerShip.obj
C:\Users\jony\Documents\Visual Studio 2012\Projects\Day006Framework\Framework\Debug\sprite.obj
C:\Users\jony\Documents\Visual Studio 2012\Projects\Day006Framework\Framework\Debug\texture.obj
C:\Users\jony\Documents\Visual Studio 2012\Projects\Day006Framework\Framework\Debug\texturemanager.obj
C:\Users\jony\Documents\Visual Studio 2012\Projects\Day006Framework\Framework\Debug\cl.command.1.tlog
C:\Users\jony\Documents\Visual Studio 2012\Projects\Day006Framework\Framework\Debug\CL.read.1.tlog
C:\Users\jony\Documents\Visual Studio 2012\Projects\Day006Framework\Framework\Debug\CL.write.1.tlog
C:\Users\jony\Documents\Visual Studio 2012\Projects\Day006Framework\Framework\Debug\link-cvtres.read.1.tlog
C:\Users\jony\Documents\Visual Studio 2012\Projects\Day006Framework\Framework\Debug\link-cvtres.write.1.tlog
C:\Users\jony\Documents\Visual Studio 2012\Projects\Day006Framework\Framework\Debug\link-rc.read.1.tlog
C:\Users\jony\Documents\Visual Studio 2012\Projects\Day006Framework\Framework\Debug\link-rc.write.1.tlog
C:\Users\jony\Documents\Visual Studio 2012\Projects\Day006Framework\Framework\Debug\link.2788-cvtres.read.1.tlog
C:\Users\jony\Documents\Visual Studio 2012\Projects\Day006Framework\Framework\Debug\link.2788-cvtres.write.1.tlog
C:\Users\jony\Documents\Visual Studio 2012\Projects\Day006Framework\Framework\Debug\link.2788-rc.read.1.tlog
C:\Users\jony\Documents\Visual Studio 2012\Projects\Day006Framework\Framework\Debug\link.2788-rc.write.1.tlog
C:\Users\jony\Documents\Visual Studio 2012\Projects\Day006Framework\Framework\Debug\link.2788.read.1.tlog
C:\Users\jony\Documents\Visual Studio 2012\Projects\Day006Framework\Framework\Debug\link.2788.write.1.tlog
C:\Users\jony\Documents\Visual Studio 2012\Projects\Day006Framework\Framework\Debug\link.4220-cvtres.read.1.tlog
C:\Users\jony\Documents\Visual Studio 2012\Projects\Day006Framework\Framework\Debug\link.4220-cvtres.write.1.tlog
C:\Users\jony\Documents\Visual Studio 2012\Projects\Day006Framework\Framework\Debug\link.4220-rc.read.1.tlog
C:\Users\jony\Documents\Visual Studio 2012\Projects\Day006Framework\Framework\Debug\link.4220-rc.write.1.tlog
C:\Users\jony\Documents\Visual Studio 2012\Projects\Day006Framework\Framework\Debug\link.4220.read.1.tlog
C:\Users\jony\Documents\Visual Studio 2012\Projects\Day006Framework\Framework\Debug\link.4220.write.1.tlog
C:\Users\jony\Documents\Visual Studio 2012\Projects\Day006Framework\Framework\Debug\link.command.1.tlog
C:\Users\jony\Documents\Visual Studio 2012\Projects\Day006Framework\Framework\Debug\link.read.1.tlog
C:\Users\jony\Documents\Visual Studio 2012\Projects\Day006Framework\Framework\Debug\link.write.1.tlog
C:\Users\jony\Documents\Visual Studio 2012\Projects\Day006Framework\Framework\Debug\vc110.idb
C:\Users\jony\Documents\Visual Studio 2012\Projects\Day006Framework\Framework\Debug\vc110.pdb
C:\Users\jony\Documents\Visual Studio 2012\Projects\Day006Framework\Debug\Framework.pdb
C:\Users\jony\Documents\Visual Studio 2012\Projects\Day006Framework\Debug\Framework.exe
C:\Users\jony\Documents\Visual Studio 2012\Projects\Day006Framework\Debug\Framework.ilk
